Log start 2025-11-04T17:51:11.911Z
2025-11-04T17:51:11.945Z [INFO] SCORM Tester: Log file path: /Users/seth/Documents/GitHub/scorm-tester/logs/app.log 
2025-11-04T17:51:11.952Z [INFO] SCORM Tester: process.env.LOG_LEVEL: undefined 
2025-11-04T17:51:11.960Z [INFO] SCORM Tester: Logger logLevel: info 
2025-11-04T17:51:11.966Z [INFO] SCORM Tester Log File: /Users/seth/Documents/GitHub/scorm-tester/logs/app.log 
2025-11-04T17:51:11.973Z [INFO] Check this file for detailed debugging information 
2025-11-04T17:51:11.981Z [DEBUG] SCORM error codes initialized from shared constants: [59]
2025-11-04T17:51:11.987Z [DEBUG] ScormErrorHandler initialized with all SCORM error codes 
2025-11-04T17:51:11.994Z [INFO] SCORM Tester: Core dependencies initialized 
2025-11-04T17:51:12.001Z [INFO] SCORM Tester: Initializing services 
2025-11-04T17:51:12.007Z [DEBUG] WindowManager base service created 
2025-11-04T17:51:12.013Z [INFO] Initializing WindowManager service 
2025-11-04T17:51:12.019Z [DEBUG] WindowManager state changed: not_initialized -> initializing 
2025-11-04T17:51:12.034Z [INFO] WindowManager: Custom protocol "scorm-app://" registered successfully 
2025-11-04T17:51:12.039Z [INFO] WindowManager: Storage-capable origin feature is active 
2025-11-04T17:51:12.046Z [DEBUG] WindowManager state changed: initializing -> ready 
2025-11-04T17:51:12.054Z [INFO] WindowManager service initialized successfully in 33ms 
2025-11-04T17:51:12.061Z [DEBUG] FileManager base service created 
2025-11-04T17:51:12.067Z [INFO] Initializing FileManager service 
2025-11-04T17:51:12.073Z [DEBUG] FileManager state changed: not_initialized -> initializing 
2025-11-04T17:51:12.080Z [DEBUG] FileManager: Starting initialization 
2025-11-04T17:51:12.087Z [DEBUG] FileManager: Ensuring temp directory exists: /var/folders/8g/hsprg9qn3nv4fh5m24_hghcw0000gn/T/scorm-tester 
2025-11-04T17:51:12.095Z [DEBUG] FileManager: No leftover temp files to clean up 
2025-11-04T17:51:12.100Z [DEBUG] FileManager: Initialization completed 
2025-11-04T17:51:12.107Z [DEBUG] FileManager state changed: initializing -> ready 
2025-11-04T17:51:12.114Z [INFO] FileManager service initialized successfully in 40ms 
2025-11-04T17:51:12.121Z [DEBUG] WindowManager: TelemetryStore instance set. 
2025-11-04T17:51:12.126Z [DEBUG] [ScormInspectorTelemetryStore] Window manager reference set 
2025-11-04T17:51:12.133Z [DEBUG] ScormService base service created 
2025-11-04T17:51:12.140Z [INFO] Initializing ScormService service 
2025-11-04T17:51:12.147Z [DEBUG] ScormService state changed: not_initialized -> initializing 
2025-11-04T17:51:12.154Z [DEBUG] ScormService: Starting initialization 
2025-11-04T17:51:12.161Z [DEBUG] ScormCAMService initialized 
2025-11-04T17:51:12.168Z [DEBUG] BrowseModeService initialized [{"0":{"defaultTimeout":1800000,"maxSessions":10}}]
2025-11-04T17:51:12.175Z [DEBUG] ActivityTreeManager initialized 
2025-11-04T17:51:12.182Z [DEBUG] SequencingEngine initialized [{"browseModeSupport":true}]
2025-11-04T17:51:12.189Z [DEBUG] NavigationHandler initialized [{"browseModeSupport":true}]
2025-11-04T17:51:12.196Z [DEBUG] RollupManager initialized 
2025-11-04T17:51:12.203Z [DEBUG] ScormSNService initialized [{"browseModeSupport":true}]
2025-11-04T17:51:12.210Z [DEBUG] ScormService: SCORM service components initialized 
2025-11-04T17:51:12.217Z [DEBUG] ScormService: Initialization completed 
2025-11-04T17:51:12.224Z [DEBUG] ScormService state changed: initializing -> ready 
2025-11-04T17:51:12.231Z [INFO] ScormService service initialized successfully in 84ms 
2025-11-04T17:51:12.238Z [INFO] [SNSnapshotService] Started polling SN status 
2025-11-04T17:51:12.245Z [INFO] SCORM Tester: SNSnapshotService wired to ScormService and started 
2025-11-04T17:51:12.252Z [DEBUG] RecentCoursesService base service created 
2025-11-04T17:51:12.259Z [DEBUG] RecentCoursesService: Constructor - userData path: ["/Users/seth/Library/Application Support/scorm-tester"]
2025-11-04T17:51:12.266Z [DEBUG] RecentCoursesService: Constructor - recents file path: ["/Users/seth/Library/Application Support/scorm-tester/recents.json"]
2025-11-04T17:51:12.274Z [INFO] Initializing RecentCoursesService service 
2025-11-04T17:51:12.282Z [DEBUG] RecentCoursesService state changed: not_initialized -> initializing 
2025-11-04T17:51:12.290Z [DEBUG] RecentCoursesService: Starting initialization 
2025-11-04T17:51:12.307Z [INFO] RecentCoursesService: Loaded 5 recent courses from file. 
2025-11-04T17:51:12.314Z [DEBUG] RecentCoursesService: Initialization completed 
2025-11-04T17:51:12.322Z [DEBUG] RecentCoursesService state changed: initializing -> ready 
2025-11-04T17:51:12.330Z [INFO] RecentCoursesService service initialized successfully in 48ms 
2025-11-04T17:51:12.339Z [DEBUG] AppStateService base service created 
2025-11-04T17:51:12.346Z [INFO] Initializing AppStateService service 
2025-11-04T17:51:12.354Z [DEBUG] AppStateService state changed: not_initialized -> initializing 
2025-11-04T17:51:12.361Z [INFO] AppStateService initialized 
2025-11-04T17:51:12.368Z [DEBUG] AppStateService state changed: initializing -> ready 
2025-11-04T17:51:12.375Z [INFO] AppStateService service initialized successfully in 22ms 
2025-11-04T17:51:12.382Z [DEBUG] IpcHandler base service created 
2025-11-04T17:51:12.390Z [INFO] Initializing IpcHandler service 
2025-11-04T17:51:12.398Z [DEBUG] IpcHandler state changed: not_initialized -> initializing 
2025-11-04T17:51:12.407Z [INFO] [ScormInspectorTelemetryStore] Cleared 0 API calls and 0 errors 
2025-11-04T17:51:12.418Z [DEBUG] IpcHandler state changed: initializing -> ready 
2025-11-04T17:51:12.426Z [INFO] IpcHandler service initialized successfully in 28ms 
2025-11-04T17:51:12.434Z [INFO] SCORM Tester: 6 services initialized successfully 
2025-11-04T17:51:12.442Z [DEBUG] SCORM Tester: Application event handlers set up 
2025-11-04T17:51:12.457Z [INFO] WindowManager: Creating main window 
2025-11-04T17:51:12.465Z [DEBUG] WindowManager: main window state: closed -> creating 
2025-11-04T17:51:12.474Z [INFO] WindowManager: Screen work area: 1710x1005 
2025-11-04T17:51:12.567Z [INFO] Preload script is loading... 
2025-11-04T17:51:12.575Z [DEBUG] contextBridge exists: [true]
2025-11-04T17:51:12.583Z [DEBUG] ipcRenderer exists: [true]
2025-11-04T17:51:12.591Z [INFO] [PRELOAD] Attempting to expose electronAPI via contextBridge... 
2025-11-04T17:51:12.599Z [INFO] [PRELOAD] electronAPI successfully exposed via contextBridge 
2025-11-04T17:51:12.607Z [INFO] Preload script loaded; electronAPI exposed [{"0":"rendererBaseUrl","1":"selectScormPackage","2":"selectScormFolder","3":"extractScorm","4":"saveTemporaryFile","5":"getCourseInfo","6":"getCourseManifest","7":"findScormEntry","8":"processScormManifest","9":"scormInitialize"}]
2025-11-04T17:51:12.625Z [INFO] [Renderer] DOM ready 
2025-11-04T17:51:12.633Z [INFO] [Renderer] Page finished loading 
2025-11-04T17:51:12.642Z [DEBUG] MenuBuilder: Application menu created successfully 
2025-11-04T17:51:12.661Z [DEBUG] WindowManager: main window state: creating -> ready 
2025-11-04T17:51:12.670Z [INFO] WindowManager: Main window created successfully (ID: 1) 
2025-11-04T17:51:12.678Z [INFO] SCORM Tester: Main window created (ID: 1) 
2025-11-04T17:51:12.685Z [INFO] SCORM Tester: Main process initialization completed successfully 
2025-11-04T17:51:12.706Z [DEBUG] WindowManager: main window state: ready -> focused 
2025-11-04T17:51:12.723Z [INFO] ipc-events-forwarder: initialized 
2025-11-04T17:51:12.743Z [INFO] SCORM event forwarding initialized successfully 
2025-11-04T17:51:12.753Z [INFO] Test helpers available: 
2025-11-04T17:51:12.761Z [INFO]   window.testLoadCourse(path) - Load course from path 
2025-11-04T17:51:12.769Z [INFO]   window.loadSampleCourse() - Load the sample SL360 course 
2025-11-04T17:51:12.780Z [INFO] [UIStateHelpers] safeLoadPersistedUI skipped: scorm-app protocol (no localStorage) [{"persistenceKey":"scorm-tester-ui-state"}]
2025-11-04T17:51:12.786Z [DEBUG] AppManager - uiState resolved 
2025-11-04T17:51:12.793Z [INFO] RENDERER_COALESCE_WINDOW_START 
2025-11-04T17:51:12.800Z [WARN] RENDERER_COALESCED_DUPLICATES [{"dropped":1}]
2025-11-04T17:51:12.812Z [INFO] CourseLoader: Electron API availability check: [{"available":true,"windowDefined":true,"electronAPIType":"object"}]
2025-11-04T17:51:12.819Z [INFO] CourseLoader: Using IpcClient for file selection and prep 
2025-11-04T17:51:12.826Z [INFO] CourseLoader: All required Electron API methods available 
2025-11-04T17:51:12.835Z [INFO] AppManager: Initializing components... 
2025-11-04T17:51:12.842Z [INFO] CourseLoader: Logger initialized 
2025-11-04T17:51:12.857Z [DEBUG] AppManager: progress-tracking mount point not found; skipping component import 
2025-11-04T17:51:12.863Z [DEBUG] AppManager: Found DOM element 'content-viewer' for component mounting 
2025-11-04T17:51:12.869Z [DEBUG] AppManager: Found DOM element 'navigation-controls' for component mounting 
2025-11-04T17:51:12.876Z [DEBUG] AppManager: Found DOM element 'footer-progress' for component mounting 
2025-11-04T17:51:12.884Z [DEBUG] AppManager: Found DOM element 'footer-status' for component mounting 
2025-11-04T17:51:12.892Z [DEBUG] AppManager: Found DOM element 'course-outline' for component mounting 
2025-11-04T17:51:12.899Z [DEBUG] AppManager: Creating component 'headerControls' with elementId='header-controls' 
2025-11-04T17:51:12.906Z [DEBUG] AppManager: Component 'headerControls' initialize() resolved [{"elementId":"header-controls","className":"HeaderControls","isInitialized":true,"isDestroyed":false,"isVisible":true,"hasElement":true,"childCount":0,"eventListenerCount":1,"subscriptionCount":4}]
2025-11-04T17:51:12.914Z [INFO] AppManager: headerControls initialized 
2025-11-04T17:51:12.920Z [DEBUG] AppManager: Creating component 'contentViewer' with elementId='content-viewer' 
2025-11-04T17:51:12.927Z [DEBUG] [ContentViewer] Starting component initialization [null]
2025-11-04T17:51:12.935Z [WARN] [Renderer Console] An iframe which has both allow-scripts and allow-same-origin for its sandbox attribute can remove its sandboxing. (scorm-app://app/src/renderer/components/scorm/content-viewer.js:83) 
2025-11-04T17:51:12.942Z [DEBUG] [ContentViewer] Component initialization completed [null]
2025-11-04T17:51:12.953Z [DEBUG] AppManager: Component 'contentViewer' initialize() resolved [{"elementId":"content-viewer","className":"ContentViewer","isInitialized":true,"isDestroyed":false,"isVisible":true,"hasElement":true,"childCount":0,"eventListenerCount":0,"subscriptionCount":14}]
2025-11-04T17:51:12.959Z [INFO] AppManager: contentViewer initialized 
2025-11-04T17:51:12.966Z [DEBUG] AppManager: Creating component 'navigationControls' with elementId='navigation-controls' 
2025-11-04T17:51:12.973Z [DEBUG] NavigationControls: Button states updated [{"canNavigatePrevious":false,"canNavigateNext":false,"browseMode":false,"hidePrevious":false,"hideNext":false,"hiddenControls":[]}]
2025-11-04T17:51:12.980Z [DEBUG] NavigationControls: Navigation state updated [{"snServiceAvailable":false,"snServiceError":null}]
2025-11-04T17:51:12.987Z [DEBUG] NavigationControls: Button states updated [{"canNavigatePrevious":false,"canNavigateNext":false,"browseMode":false,"hidePrevious":false,"hideNext":false,"hiddenControls":[]}]
2025-11-04T17:51:12.994Z [DEBUG] [NavigationControls] Component initialization completed [null]
2025-11-04T17:51:13.002Z [DEBUG] AppManager: Component 'navigationControls' initialize() resolved [{"elementId":"navigation-controls","className":"NavigationControls","isInitialized":true,"isDestroyed":false,"isVisible":true,"hasElement":true,"childCount":0,"eventListenerCount":0,"subscriptionCount":16}]
2025-11-04T17:51:13.010Z [INFO] AppManager: navigationControls initialized 
2025-11-04T17:51:13.017Z [DEBUG] AppManager: Creating component 'footerProgressBar' with elementId='footer-progress' 
2025-11-04T17:51:13.024Z [WARN] RENDERER_DEBUG_RATE_LIMIT [{"windowMs":400,"max":20}]
2025-11-04T17:51:13.032Z [INFO] AppManager: footerProgressBar initialized 
2025-11-04T17:51:13.038Z [INFO] AppManager: footerStatusDisplay initialized 
2025-11-04T17:51:13.045Z [INFO] CourseOutline: constructor initialized 
2025-11-04T17:51:13.053Z [INFO] CourseOutline.setup: uiState resolved 
2025-11-04T17:51:13.061Z [INFO] CourseOutline: HTML structure created successfully 
2025-11-04T17:51:13.069Z [INFO] CourseOutline: Empty state displayed 
2025-11-04T17:51:13.076Z [INFO] CourseOutline.setup: Initial component state [{"hasScormStates":false,"scormStatesLoaded":false,"availableNavigation":[],"browseModeEnabled":false,"courseStructureItems":0}]
2025-11-04T17:51:13.084Z [INFO] CourseOutline: HTML structure created successfully 
2025-11-04T17:51:13.092Z [INFO] AppManager: courseOutline initialized 
2025-11-04T17:51:13.100Z [INFO] AppManager: inspectorPanel initialized 
2025-11-04T17:51:13.108Z [INFO] AppManager: notificationContainer initialized 
2025-11-04T17:51:13.116Z [INFO] AppManager: errorDialog initialized 
2025-11-04T17:51:13.124Z [INFO] AppManager: errorBadge initialized 
2025-11-04T17:51:13.132Z [INFO] AppManager: errorListPanel initialized 
2025-11-04T17:51:13.140Z [INFO] AppManager: courseExitSummary initialized 
2025-11-04T17:51:13.148Z [INFO] AppManager: Post-init component status snapshot [{"courseOutline":{"elementId":"course-outline","className":"CourseOutline","isInitialized":true,"isDestroyed":false,"isVisible":true,"hasElement":true,"childCount":0,"eventListenerCount":0,"subscriptionCount":39},"navigationControls":{"elementId":"navigation-controls","className":"NavigationControls","isInitialized":true,"isDestroyed":false,"isVisible":true,"hasElement":true,"childCount":0,"eventListenerCount":0,"subscriptionCount":16},"contentViewer":{"elementId":"content-viewer","className":"ContentViewer","isInitialized":true,"isDestroyed":false,"isVisible":true,"hasElement":true,"childCount":0,"eventListenerCount":0,"subscriptionCount":14}}]
2025-11-04T17:51:13.156Z [INFO] AppManager: All components initialized 
2025-11-04T17:51:13.168Z [INFO] AppManager: Menu visibility changed [{"visible":false}]
2025-11-04T17:51:13.176Z [DEBUG] Browse mode status: [{"enabled":false,"currentSession":null,"totalSessions":0,"navigationOverrides":{"ignoreSequencingRules":true,"allowUnrestrictedChoice":true,"ignoreAttemptLimits":true,"ignorePrerequisites":true}}]
2025-11-04T17:51:13.184Z [INFO] EventBus: Debug mode disabled 
2025-11-04T17:51:13.195Z [INFO] RecentCoursesStore: Loaded 5 recent courses from main process. 
2025-11-04T17:51:14.174Z [INFO] [UIStateHelpers] safePersistState skipped: scorm-app protocol (no localStorage) [{"persistenceKey":"scorm-tester-ui-state"}]
